15-05-09 01:03:42 249 UnitOfWorkNotifyingRequestExecutor: Exception One or more errors occurred. @    at System.Threading.Tasks.Task.ThrowIfExceptional(Boolean includeTaskCanceledExceptions)
   at System.Threading.Tasks.Task`1.GetResultCore(Boolean waitCompletionNotification)
   at System.Threading.Tasks.Task`1.get_Result()
   at Possum.CqrsInfrastructure.RequestExecution.RequestResultSavingRequestExecutor.Execute[T](T request) in c:\Program Files (x86)\Jenkins\jobs\Possum Cqrs\workspace\Possum.CqrsInfrastructure\RequestExecution\RequestResultSavingRequestExecutor.cs:line 32
   at Possum.CqrsInfrastructure.RequestExecution.UnitOfWorkNotifyingRequestExecutor.Execute[T](T request) in c:\Program Files (x86)\Jenkins\jobs\Possum Cqrs\workspace\Possum.CqrsInfrastructure\RequestExecution\UnitOfWorkNotifyingRequestExecutor.cs:line 28 raised, invoking rollback
15-05-09 07:37:18 469 UnitOfWorkNotifyingRequestExecutor: Exception One or more errors occurred. @    at System.Threading.Tasks.Task.ThrowIfExceptional(Boolean includeTaskCanceledExceptions)
   at System.Threading.Tasks.Task`1.GetResultCore(Boolean waitCompletionNotification)
   at System.Threading.Tasks.Task`1.get_Result()
   at Possum.CqrsInfrastructure.RequestExecution.RequestResultSavingRequestExecutor.Execute[T](T request) in c:\Program Files (x86)\Jenkins\jobs\Possum Cqrs\workspace\Possum.CqrsInfrastructure\RequestExecution\RequestResultSavingRequestExecutor.cs:line 32
   at Possum.CqrsInfrastructure.RequestExecution.UnitOfWorkNotifyingRequestExecutor.Execute[T](T request) in c:\Program Files (x86)\Jenkins\jobs\Possum Cqrs\workspace\Possum.CqrsInfrastructure\RequestExecution\UnitOfWorkNotifyingRequestExecutor.cs:line 28 raised, invoking rollback
15-05-10 10:09:07 971 UnitOfWorkNotifyingRequestExecutor: Exception One or more errors occurred. @    at System.Threading.Tasks.Task.ThrowIfExceptional(Boolean includeTaskCanceledExceptions)
   at System.Threading.Tasks.Task`1.GetResultCore(Boolean waitCompletionNotification)
   at System.Threading.Tasks.Task`1.get_Result()
   at Possum.CqrsInfrastructure.RequestExecution.RequestResultSavingRequestExecutor.Execute[T](T request) in c:\Program Files (x86)\Jenkins\jobs\Possum Cqrs\workspace\Possum.CqrsInfrastructure\RequestExecution\RequestResultSavingRequestExecutor.cs:line 32
   at Possum.CqrsInfrastructure.RequestExecution.UnitOfWorkNotifyingRequestExecutor.Execute[T](T request) in c:\Program Files (x86)\Jenkins\jobs\Possum Cqrs\workspace\Possum.CqrsInfrastructure\RequestExecution\UnitOfWorkNotifyingRequestExecutor.cs:line 28 raised, invoking rollback
15-05-10 10:12:48 214 UnitOfWorkNotifyingRequestExecutor: Exception One or more errors occurred. @    at System.Threading.Tasks.Task.ThrowIfExceptional(Boolean includeTaskCanceledExceptions)
   at System.Threading.Tasks.Task`1.GetResultCore(Boolean waitCompletionNotification)
   at System.Threading.Tasks.Task`1.get_Result()
   at Possum.CqrsInfrastructure.RequestExecution.RequestResultSavingRequestExecutor.Execute[T](T request) in c:\Program Files (x86)\Jenkins\jobs\Possum Cqrs\workspace\Possum.CqrsInfrastructure\RequestExecution\RequestResultSavingRequestExecutor.cs:line 32
   at Possum.CqrsInfrastructure.RequestExecution.UnitOfWorkNotifyingRequestExecutor.Execute[T](T request) in c:\Program Files (x86)\Jenkins\jobs\Possum Cqrs\workspace\Possum.CqrsInfrastructure\RequestExecution\UnitOfWorkNotifyingRequestExecutor.cs:line 28 raised, invoking rollback
15-05-10 10:16:27 065 UnitOfWorkNotifyingRequestExecutor: Exception One or more errors occurred. @    at System.Threading.Tasks.Task.ThrowIfExceptional(Boolean includeTaskCanceledExceptions)
   at System.Threading.Tasks.Task`1.GetResultCore(Boolean waitCompletionNotification)
   at System.Threading.Tasks.Task`1.get_Result()
   at Possum.CqrsInfrastructure.RequestExecution.RequestResultSavingRequestExecutor.Execute[T](T request) in c:\Program Files (x86)\Jenkins\jobs\Possum Cqrs\workspace\Possum.CqrsInfrastructure\RequestExecution\RequestResultSavingRequestExecutor.cs:line 32
   at Possum.CqrsInfrastructure.RequestExecution.UnitOfWorkNotifyingRequestExecutor.Execute[T](T request) in c:\Program Files (x86)\Jenkins\jobs\Possum Cqrs\workspace\Possum.CqrsInfrastructure\RequestExecution\UnitOfWorkNotifyingRequestExecutor.cs:line 28 raised, invoking rollback
